[06:04:38] [ServerMain/INFO]: Environment: authHost='https://authserver.mojang.com', accountsHost='https://api.mojang.com', sessionHost='https://sessionserver.mojang.com', servicesHost='https://api.minecraftservices.com', name='PROD'
[06:04:40] [ServerMain/INFO]: Loaded 7 recipes
[06:04:40] [Server thread/INFO]: Starting minecraft server version 1.20.1
[06:04:40] [Server thread/INFO]: Loading properties
[06:04:40] [Server thread/INFO]: This server is running Paper version git-Paper-196 (MC: 1.20.1) (Implementing API version 1.20.1-R0.1-SNAPSHOT) (Git: 773dd72)
[06:04:41] [Server thread/INFO]: Server Ping Player Sample Count: 12
[06:04:41] [Server thread/INFO]: Using 4 threads for Netty based IO
[06:04:41] [Server thread/WARN]: [!] The timings profiler has been enabled but has been scheduled for removal from Paper in the future.
    We recommend installing the spark profiler as a replacement: https://spark.lucko.me/
    For more information please visit: https://github.com/PaperMC/Paper/issues/8948
[06:04:41] [Server thread/INFO]: [ChunkTaskScheduler] Chunk system is using 1 I/O threads, 1 worker threads, and gen parallelism of 1 threads
[06:04:42] [Server thread/INFO]: Default game type: SURVIVAL
[06:04:42] [Server thread/INFO]: Generating keypair
[06:04:42] [Server thread/INFO]: Starting Minecraft server on *:25565
[06:04:42] [Server thread/INFO]: Using epoll channel type
[06:04:42] [Server thread/INFO]: Paper: Using libdeflate (Linux x86_64) compression from Velocity.
[06:04:42] [Server thread/INFO]: Paper: Using OpenSSL 1.1.x (Linux x86_64) cipher from Velocity.
[06:04:42] [Server thread/INFO]: [TabListPing] Loading server plugin TabListPing v1.06
[06:04:42] [Server thread/INFO]: [spark] Loading server plugin spark v1.10.71
[06:04:42] [Server thread/INFO]: Server permissions file permissions.yml is empty, ignoring it
[06:04:42] [Server thread/WARN]: **** SERVER IS RUNNING IN OFFLINE/INSECURE MODE!
[06:04:42] [Server thread/WARN]: The server will make no attempt to authenticate usernames. Beware.
[06:04:42] [Server thread/WARN]: While this makes the game possible to play without internet access, it also opens up the ability for hackers to connect with any username they choose.
[06:04:42] [Server thread/WARN]: To change this, set "online-mode" to "true" in the server.properties file.
[06:04:42] [Server thread/INFO]: Preparing level "world"
[06:04:42] [Server thread/INFO]: Preparing start region for dimension minecraft:overworld
[06:04:43] [Server thread/INFO]: Time elapsed: 286 ms
[06:04:43] [Server thread/INFO]: Preparing start region for dimension minecraft:the_nether
[06:04:43] [Server thread/INFO]: Time elapsed: 85 ms
[06:04:43] [Server thread/INFO]: Preparing start region for dimension minecraft:the_end
[06:04:43] [Server thread/INFO]: Time elapsed: 80 ms
[06:04:43] [Server thread/INFO]: [TabListPing] Enabling TabListPing v1.06
[06:04:43] [Server thread/INFO]: [TabListPing] Detected 1.20.1, using net.minecraft.network.protocol.game.PacketPlayOutKeepAlive & net.minecraft.network.protocol.game.PacketPlayInKeepAlive
[06:04:43] [Server thread/INFO]: [TabListPing] Metrics enabled if allowed by plugins/bStats/config.yml
[06:04:43] [Server thread/INFO]: [spark] Enabling spark v1.10.71
[06:04:44] [Server thread/INFO]: [spark] Using Paper ServerTickStartEvent for tick monitoring
[06:04:44] [Server thread/INFO]: [spark] Starting background profiler...
[06:04:45] [Server thread/INFO]: Running delayed init tasks
[06:04:45] [Server thread/INFO]: Done (4.492s)! For help, type "help"
[06:04:45] [Server thread/INFO]: Timings Reset
[06:04:53] [User Authenticator #0/INFO]: UUID of player chinh is 8358031c-9d68-31d6-8b0a-caa6ec010a53
[06:04:54] [Server thread/INFO]: chinh joined the game
[06:04:54] [Server thread/INFO]: chinh[/127.52.151.84:34705] logged in with entity id 230 at ([world]22.94380996601252, 72.0, -4.68037872895956)
[06:05:01] [Server thread/INFO]: chinh issued server command: /gamemode creative
[06:05:01] [Server thread/INFO]: [chinh: Set own game mode to Creative Mode]
[06:06:18] [Server thread/INFO]: chinh lost connection: Disconnected
[06:06:18] [Server thread/INFO]: chinh left the game
[06:06:57] [Server thread/INFO]: Stopping the server
[06:06:57] [Server thread/INFO]: Stopping server
[06:06:57] [Server thread/INFO]: [spark] Disabling spark v1.10.71
[06:06:57] [Server thread/INFO]: [TabListPing] Disabling TabListPing v1.06
[06:06:57] [Server thread/INFO]: Saving players
[06:06:57] [Server thread/INFO]: Saving worlds
[06:06:57] [Server thread/INFO]: Saving chunks for level 'ServerLevel[world]'/minecraft:overworld
[06:06:57] [Server thread/INFO]: [ChunkHolderManager] Waiting 60s for chunk system to halt for world 'world'
[06:06:57] [Server thread/INFO]: [ChunkHolderManager] Halted chunk system for world 'world'
[06:06:57] [Server thread/INFO]: [ChunkHolderManager] Saving all chunkholders for world 'world'
[06:06:59] [Server thread/INFO]: [ChunkHolderManager] Saved 1552 block chunks, 748 entity chunks, 0 poi chunks in world 'world' in 1.67s
[06:06:59] [Server thread/INFO]: ThreadedAnvilChunkStorage (world): All chunks are saved
[06:06:59] [Server thread/INFO]: Saving chunks for level 'ServerLevel[world_nether]'/minecraft:the_nether
[06:06:59] [Server thread/INFO]: [ChunkHolderManager] Waiting 60s for chunk system to halt for world 'world_nether'
[06:06:59] [Server thread/INFO]: [ChunkHolderManager] Halted chunk system for world 'world_nether'
[06:06:59] [Server thread/INFO]: [ChunkHolderManager] Saving all chunkholders for world 'world_nether'
[06:06:59] [Server thread/INFO]: [ChunkHolderManager] Saved 529 block chunks, 529 entity chunks, 0 poi chunks in world 'world_nether' in 0.46s
[06:07:00] [Server thread/INFO]: ThreadedAnvilChunkStorage (DIM-1): All chunks are saved
[06:07:00] [Server thread/INFO]: Saving chunks for level 'ServerLevel[world_the_end]'/minecraft:the_end
[06:07:00] [Server thread/INFO]: [ChunkHolderManager] Waiting 60s for chunk system to halt for world 'world_the_end'
[06:07:00] [Server thread/INFO]: [ChunkHolderManager] Halted chunk system for world 'world_the_end'
[06:07:00] [Server thread/INFO]: [ChunkHolderManager] Saving all chunkholders for world 'world_the_end'
[06:07:00] [Server thread/INFO]: [ChunkHolderManager] Saved 529 block chunks, 529 entity chunks, 0 poi chunks in world 'world_the_end' in 0.19s
[06:07:00] [Server thread/INFO]: ThreadedAnvilChunkStorage (DIM1): All chunks are saved
[06:07:00] [Server thread/INFO]: ThreadedAnvilChunkStorage: All dimensions are saved
[06:07:00] [Server thread/INFO]: Flushing Chunk IO
[06:07:00] [Server thread/INFO]: Closing Thread Pool
[06:07:00] [Server thread/INFO]: Closing Server
